have_library: checking for socket() in -lsocket... -------------------- no

"gcc -o conftest -I. -I/usr/lib64/ruby/1.8/x86_64-linux -I.  -O2 -g -pipe -Wall -Wp,-D_FORTIFY_SOURCE=2 -fexceptions -fstack-protector --param=ssp-buffer-size=4 -m64 -mtune=generic -Wall  -fPIC conftest.c  -L"/usr/lib64" -L"/usr/lib64"  -rdynamic -Wl,-export-dynamic     -lruby-static -lsocket  -lpthread -ldl -lcrypt -lm   -lc"
conftest.c: In function 't':
conftest.c:3: warning: implicit declaration of function 'socket'
/usr/bin/ld: cannot find -lsocket
collect2: ld returned 1 exit status
checked program was:
/* begin */
1: /*top*/
2: int main() { return 0; }
3: int t() { socket(); return 0; }
/* end */

"gcc -o conftest -I. -I/usr/lib64/ruby/1.8/x86_64-linux -I.  -O2 -g -pipe -Wall -Wp,-D_FORTIFY_SOURCE=2 -fexceptions -fstack-protector --param=ssp-buffer-size=4 -m64 -mtune=generic -Wall  -fPIC conftest.c  -L"/usr/lib64" -L"/usr/lib64"  -rdynamic -Wl,-export-dynamic     -lruby-static -lsocket  -lpthread -ldl -lcrypt -lm   -lc"
conftest.c: In function 't':
conftest.c:3: error: 'socket' undeclared (first use in this function)
conftest.c:3: error: (Each undeclared identifier is reported only once
conftest.c:3: error: for each function it appears in.)
checked program was:
/* begin */
1: /*top*/
2: int main() { return 0; }
3: int t() { void ((*volatile p)()); p = (void ((*)()))socket; return 0; }
/* end */

--------------------

have_library: checking for gethostbyname() in -lnsl... -------------------- yes

"gcc -o conftest -I. -I/usr/lib64/ruby/1.8/x86_64-linux -I.  -O2 -g -pipe -Wall -Wp,-D_FORTIFY_SOURCE=2 -fexceptions -fstack-protector --param=ssp-buffer-size=4 -m64 -mtune=generic -Wall  -fPIC conftest.c  -L"/usr/lib64" -L"/usr/lib64"  -rdynamic -Wl,-export-dynamic     -lruby-static -lnsl  -lpthread -ldl -lcrypt -lm   -lc"
conftest.c: In function 't':
conftest.c:3: warning: implicit declaration of function 'gethostbyname'
checked program was:
/* begin */
1: /*top*/
2: int main() { return 0; }
3: int t() { gethostbyname(); return 0; }
/* end */

--------------------

have_library: checking for atan() in -lm... -------------------- no

"gcc -o conftest -I. -I/usr/lib64/ruby/1.8/x86_64-linux -I.  -O2 -g -pipe -Wall -Wp,-D_FORTIFY_SOURCE=2 -fexceptions -fstack-protector --param=ssp-buffer-size=4 -m64 -mtune=generic -Wall  -fPIC conftest.c  -L"/usr/lib64" -L"/usr/lib64"  -rdynamic -Wl,-export-dynamic    -lnsl  -lruby-static -lm -lnsl  -lpthread -ldl -lcrypt -lm   -lc"
conftest.c: In function 't':
conftest.c:3: warning: implicit declaration of function 'atan'
conftest.c:3: warning: incompatible implicit declaration of built-in function 'atan'
conftest.c:3: error: too few arguments to function 'atan'
checked program was:
/* begin */
1: /*top*/
2: int main() { return 0; }
3: int t() { atan(); return 0; }
/* end */

"gcc -o conftest -I. -I/usr/lib64/ruby/1.8/x86_64-linux -I.  -O2 -g -pipe -Wall -Wp,-D_FORTIFY_SOURCE=2 -fexceptions -fstack-protector --param=ssp-buffer-size=4 -m64 -mtune=generic -Wall  -fPIC conftest.c  -L"/usr/lib64" -L"/usr/lib64"  -rdynamic -Wl,-export-dynamic    -lnsl  -lruby-static -lm -lnsl  -lpthread -ldl -lcrypt -lm   -lc"
conftest.c: In function 't':
conftest.c:3: error: 'atan' undeclared (first use in this function)
conftest.c:3: error: (Each undeclared identifier is reported only once
conftest.c:3: error: for each function it appears in.)
checked program was:
/* begin */
1: /*top*/
2: int main() { return 0; }
3: int t() { void ((*volatile p)()); p = (void ((*)()))atan; return 0; }
/* end */

--------------------

have_library: checking for atan() in -lm... -------------------- yes

"gcc -o conftest -I. -I/usr/lib64/ruby/1.8/x86_64-linux -I.  -O2 -g -pipe -Wall -Wp,-D_FORTIFY_SOURCE=2 -fexceptions -fstack-protector --param=ssp-buffer-size=4 -m64 -mtune=generic -Wall  -fPIC -fno-builtin conftest.c  -L"/usr/lib64" -L"/usr/lib64"  -rdynamic -Wl,-export-dynamic    -lnsl  -lruby-static -lm -lnsl  -lpthread -ldl -lcrypt -lm   -lc"
conftest.c: In function 't':
conftest.c:3: warning: implicit declaration of function 'atan'
checked program was:
/* begin */
1: /*top*/
2: int main() { return 0; }
3: int t() { atan(); return 0; }
/* end */

--------------------

have_library: checking for inflate() in -lz... -------------------- yes

"gcc -o conftest -I. -I/usr/lib64/ruby/1.8/x86_64-linux -I.  -O2 -g -pipe -Wall -Wp,-D_FORTIFY_SOURCE=2 -fexceptions -fstack-protector --param=ssp-buffer-size=4 -m64 -mtune=generic -Wall  -fPIC conftest.c  -L"/usr/lib64" -L"/usr/lib64"  -rdynamic -Wl,-export-dynamic    -lm -lnsl  -lruby-static -lz -lm -lnsl  -lpthread -ldl -lcrypt -lm   -lc"
conftest.c: In function 't':
conftest.c:3: warning: implicit declaration of function 'inflate'
checked program was:
/* begin */
1: /*top*/
2: int main() { return 0; }
3: int t() { inflate(); return 0; }
/* end */

--------------------

have_library: checking for iconv_open() in -liconv... -------------------- no

"gcc -o conftest -I. -I/usr/lib64/ruby/1.8/x86_64-linux -I.  -O2 -g -pipe -Wall -Wp,-D_FORTIFY_SOURCE=2 -fexceptions -fstack-protector --param=ssp-buffer-size=4 -m64 -mtune=generic -Wall  -fPIC conftest.c  -L"/usr/lib64" -L"/usr/lib64"  -rdynamic -Wl,-export-dynamic    -lz -lm -lnsl  -lruby-static -liconv -lz -lm -lnsl  -lpthread -ldl -lcrypt -lm   -lc"
conftest.c: In function 't':
conftest.c:3: warning: implicit declaration of function 'iconv_open'
/usr/bin/ld: cannot find -liconv
collect2: ld returned 1 exit status
checked program was:
/* begin */
1: /*top*/
2: int main() { return 0; }
3: int t() { iconv_open(); return 0; }
/* end */

"gcc -o conftest -I. -I/usr/lib64/ruby/1.8/x86_64-linux -I.  -O2 -g -pipe -Wall -Wp,-D_FORTIFY_SOURCE=2 -fexceptions -fstack-protector --param=ssp-buffer-size=4 -m64 -mtune=generic -Wall  -fPIC conftest.c  -L"/usr/lib64" -L"/usr/lib64"  -rdynamic -Wl,-export-dynamic    -lz -lm -lnsl  -lruby-static -liconv -lz -lm -lnsl  -lpthread -ldl -lcrypt -lm   -lc"
conftest.c: In function 't':
conftest.c:3: error: 'iconv_open' undeclared (first use in this function)
conftest.c:3: error: (Each undeclared identifier is reported only once
conftest.c:3: error: for each function it appears in.)
checked program was:
/* begin */
1: /*top*/
2: int main() { return 0; }
3: int t() { void ((*volatile p)()); p = (void ((*)()))iconv_open; return 0; }
/* end */

--------------------

have_library: checking for libiconv_open() in -liconv... -------------------- no

"gcc -o conftest -I. -I/usr/lib64/ruby/1.8/x86_64-linux -I.  -O2 -g -pipe -Wall -Wp,-D_FORTIFY_SOURCE=2 -fexceptions -fstack-protector --param=ssp-buffer-size=4 -m64 -mtune=generic -Wall  -fPIC conftest.c  -L"/usr/lib64" -L"/usr/lib64"  -rdynamic -Wl,-export-dynamic    -lz -lm -lnsl  -lruby-static -liconv -lz -lm -lnsl  -lpthread -ldl -lcrypt -lm   -lc"
conftest.c: In function 't':
conftest.c:3: warning: implicit declaration of function 'libiconv_open'
/usr/bin/ld: cannot find -liconv
collect2: ld returned 1 exit status
checked program was:
/* begin */
1: /*top*/
2: int main() { return 0; }
3: int t() { libiconv_open(); return 0; }
/* end */

"gcc -o conftest -I. -I/usr/lib64/ruby/1.8/x86_64-linux -I.  -O2 -g -pipe -Wall -Wp,-D_FORTIFY_SOURCE=2 -fexceptions -fstack-protector --param=ssp-buffer-size=4 -m64 -mtune=generic -Wall  -fPIC conftest.c  -L"/usr/lib64" -L"/usr/lib64"  -rdynamic -Wl,-export-dynamic    -lz -lm -lnsl  -lruby-static -liconv -lz -lm -lnsl  -lpthread -ldl -lcrypt -lm   -lc"
conftest.c: In function 't':
conftest.c:3: error: 'libiconv_open' undeclared (first use in this function)
conftest.c:3: error: (Each undeclared identifier is reported only once
conftest.c:3: error: for each function it appears in.)
checked program was:
/* begin */
1: /*top*/
2: int main() { return 0; }
3: int t() { void ((*volatile p)()); p = (void ((*)()))libiconv_open; return 0; }
/* end */

--------------------

have_library: checking for libiconv_open() in -llibiconv... -------------------- no

"gcc -o conftest -I. -I/usr/lib64/ruby/1.8/x86_64-linux -I.  -O2 -g -pipe -Wall -Wp,-D_FORTIFY_SOURCE=2 -fexceptions -fstack-protector --param=ssp-buffer-size=4 -m64 -mtune=generic -Wall  -fPIC conftest.c  -L"/usr/lib64" -L"/usr/lib64"  -rdynamic -Wl,-export-dynamic    -lz -lm -lnsl  -lruby-static -llibiconv -lz -lm -lnsl  -lpthread -ldl -lcrypt -lm   -lc"
conftest.c: In function 't':
conftest.c:3: warning: implicit declaration of function 'libiconv_open'
/usr/bin/ld: cannot find -llibiconv
collect2: ld returned 1 exit status
checked program was:
/* begin */
1: /*top*/
2: int main() { return 0; }
3: int t() { libiconv_open(); return 0; }
/* end */

"gcc -o conftest -I. -I/usr/lib64/ruby/1.8/x86_64-linux -I.  -O2 -g -pipe -Wall -Wp,-D_FORTIFY_SOURCE=2 -fexceptions -fstack-protector --param=ssp-buffer-size=4 -m64 -mtune=generic -Wall  -fPIC conftest.c  -L"/usr/lib64" -L"/usr/lib64"  -rdynamic -Wl,-export-dynamic    -lz -lm -lnsl  -lruby-static -llibiconv -lz -lm -lnsl  -lpthread -ldl -lcrypt -lm   -lc"
conftest.c: In function 't':
conftest.c:3: error: 'libiconv_open' undeclared (first use in this function)
conftest.c:3: error: (Each undeclared identifier is reported only once
conftest.c:3: error: for each function it appears in.)
checked program was:
/* begin */
1: /*top*/
2: int main() { return 0; }
3: int t() { void ((*volatile p)()); p = (void ((*)()))libiconv_open; return 0; }
/* end */

--------------------

have_library: checking for iconv_open() in -llibiconv... -------------------- no

"gcc -o conftest -I. -I/usr/lib64/ruby/1.8/x86_64-linux -I.  -O2 -g -pipe -Wall -Wp,-D_FORTIFY_SOURCE=2 -fexceptions -fstack-protector --param=ssp-buffer-size=4 -m64 -mtune=generic -Wall  -fPIC conftest.c  -L"/usr/lib64" -L"/usr/lib64"  -rdynamic -Wl,-export-dynamic    -lz -lm -lnsl  -lruby-static -llibiconv -lz -lm -lnsl  -lpthread -ldl -lcrypt -lm   -lc"
conftest.c: In function 't':
conftest.c:3: warning: implicit declaration of function 'iconv_open'
/usr/bin/ld: cannot find -llibiconv
collect2: ld returned 1 exit status
checked program was:
/* begin */
1: /*top*/
2: int main() { return 0; }
3: int t() { iconv_open(); return 0; }
/* end */

"gcc -o conftest -I. -I/usr/lib64/ruby/1.8/x86_64-linux -I.  -O2 -g -pipe -Wall -Wp,-D_FORTIFY_SOURCE=2 -fexceptions -fstack-protector --param=ssp-buffer-size=4 -m64 -mtune=generic -Wall  -fPIC conftest.c  -L"/usr/lib64" -L"/usr/lib64"  -rdynamic -Wl,-export-dynamic    -lz -lm -lnsl  -lruby-static -llibiconv -lz -lm -lnsl  -lpthread -ldl -lcrypt -lm   -lc"
conftest.c: In function 't':
conftest.c:3: error: 'iconv_open' undeclared (first use in this function)
conftest.c:3: error: (Each undeclared identifier is reported only once
conftest.c:3: error: for each function it appears in.)
checked program was:
/* begin */
1: /*top*/
2: int main() { return 0; }
3: int t() { void ((*volatile p)()); p = (void ((*)()))iconv_open; return 0; }
/* end */

--------------------

have_library: checking for iconv_open() in -lc... -------------------- yes

"gcc -o conftest -I. -I/usr/lib64/ruby/1.8/x86_64-linux -I.  -O2 -g -pipe -Wall -Wp,-D_FORTIFY_SOURCE=2 -fexceptions -fstack-protector --param=ssp-buffer-size=4 -m64 -mtune=generic -Wall  -fPIC conftest.c  -L"/usr/lib64" -L"/usr/lib64"  -rdynamic -Wl,-export-dynamic    -lz -lm -lnsl  -lruby-static -lc -lz -lm -lnsl  -lpthread -ldl -lcrypt -lm   -lc"
conftest.c: In function 't':
conftest.c:3: warning: implicit declaration of function 'iconv_open'
checked program was:
/* begin */
1: /*top*/
2: int main() { return 0; }
3: int t() { iconv_open(); return 0; }
/* end */

--------------------

have_library: checking for xmlParseDoc() in -lxml2... -------------------- yes

"gcc -o conftest -I. -I/usr/lib64/ruby/1.8/x86_64-linux -I.  -O2 -g -pipe -Wall -Wp,-D_FORTIFY_SOURCE=2 -fexceptions -fstack-protector --param=ssp-buffer-size=4 -m64 -mtune=generic -Wall  -fPIC conftest.c  -L"/usr/lib64" -L"/usr/lib64"  -rdynamic -Wl,-export-dynamic    -lc -lz -lm -lnsl  -lruby-static -lxml2 -lc -lz -lm -lnsl  -lpthread -ldl -lcrypt -lm   -lc"
conftest.c: In function 't':
conftest.c:3: warning: implicit declaration of function 'xmlParseDoc'
checked program was:
/* begin */
1: /*top*/
2: int main() { return 0; }
3: int t() { xmlParseDoc(); return 0; }
/* end */

--------------------

have_header: checking for libxml/xmlversion.h... -------------------- no

"gcc -E -I. -I/usr/lib64/ruby/1.8/x86_64-linux -I.  -O2 -g -pipe -Wall -Wp,-D_FORTIFY_SOURCE=2 -fexceptions -fstack-protector --param=ssp-buffer-size=4 -m64 -mtune=generic -Wall  -fPIC  conftest.c -o conftest.i"
conftest.c:1:31: error: libxml/xmlversion.h: No such file or directory
checked program was:
/* begin */
1: #include <libxml/xmlversion.h>
/* end */

--------------------

find_header: checking for #include <libxml/xmlversion.h>
... -------------------- yes

"gcc -E -I. -I/usr/lib64/ruby/1.8/x86_64-linux -I.  -O2 -g -pipe -Wall -Wp,-D_FORTIFY_SOURCE=2 -fexceptions -fstack-protector --param=ssp-buffer-size=4 -m64 -mtune=generic -Wall  -fPIC  conftest.c -o conftest.i"
conftest.c:1:31: error: libxml/xmlversion.h: No such file or directory
checked program was:
/* begin */
1: #include <libxml/xmlversion.h>
/* end */

"gcc -E -I. -I/usr/lib64/ruby/1.8/x86_64-linux -I.  -O2 -g -pipe -Wall -Wp,-D_FORTIFY_SOURCE=2 -fexceptions -fstack-protector --param=ssp-buffer-size=4 -m64 -mtune=generic -Wall  -fPIC -I/usr/include conftest.c -o conftest.i"
conftest.c:1:31: error: libxml/xmlversion.h: No such file or directory
checked program was:
/* begin */
1: #include <libxml/xmlversion.h>
/* end */

"gcc -E -I. -I/usr/lib64/ruby/1.8/x86_64-linux -I.  -O2 -g -pipe -Wall -Wp,-D_FORTIFY_SOURCE=2 -fexceptions -fstack-protector --param=ssp-buffer-size=4 -m64 -mtune=generic -Wall  -fPIC -I/opt/include/libxml2 conftest.c -o conftest.i"
conftest.c:1:31: error: libxml/xmlversion.h: No such file or directory
checked program was:
/* begin */
1: #include <libxml/xmlversion.h>
/* end */

"gcc -E -I. -I/usr/lib64/ruby/1.8/x86_64-linux -I.  -O2 -g -pipe -Wall -Wp,-D_FORTIFY_SOURCE=2 -fexceptions -fstack-protector --param=ssp-buffer-size=4 -m64 -mtune=generic -Wall  -fPIC -I/usr/local/include/libxml2 conftest.c -o conftest.i"
conftest.c:1:31: error: libxml/xmlversion.h: No such file or directory
checked program was:
/* begin */
1: #include <libxml/xmlversion.h>
/* end */

"gcc -E -I. -I/usr/lib64/ruby/1.8/x86_64-linux -I.  -O2 -g -pipe -Wall -Wp,-D_FORTIFY_SOURCE=2 -fexceptions -fstack-protector --param=ssp-buffer-size=4 -m64 -mtune=generic -Wall  -fPIC -I/usr/include/libxml2 conftest.c -o conftest.i"
checked program was:
/* begin */
1: #include <libxml/xmlversion.h>
/* end */

--------------------

have_func: checking for xmlDocFormatDump()... -------------------- yes

"gcc -o conftest -I. -I/usr/lib64/ruby/1.8/x86_64-linux -I. -I/usr/include/libxml2  -O2 -g -pipe -Wall -Wp,-D_FORTIFY_SOURCE=2 -fexceptions -fstack-protector --param=ssp-buffer-size=4 -m64 -mtune=generic -Wall  -fPIC conftest.c  -L"/usr/lib64" -L"/usr/lib64"  -rdynamic -Wl,-export-dynamic    -lxml2 -lc -lz -lm -lnsl  -lruby-static -lxml2 -lc -lz -lm -lnsl  -lpthread -ldl -lcrypt -lm   -lc"
conftest.c: In function 't':
conftest.c:3: warning: implicit declaration of function 'xmlDocFormatDump'
checked program was:
/* begin */
1: /*top*/
2: int main() { return 0; }
3: int t() { xmlDocFormatDump(); return 0; }
/* end */

--------------------

have_func: checking for docbCreateFileParserCtxt()... -------------------- yes

"gcc -o conftest -I. -I/usr/lib64/ruby/1.8/x86_64-linux -I. -I/usr/include/libxml2  -O2 -g -pipe -Wall -Wp,-D_FORTIFY_SOURCE=2 -fexceptions -fstack-protector --param=ssp-buffer-size=4 -m64 -mtune=generic -Wall  -fPIC conftest.c  -L"/usr/lib64" -L"/usr/lib64"  -rdynamic -Wl,-export-dynamic    -lxml2 -lc -lz -lm -lnsl  -lruby-static -lxml2 -lc -lz -lm -lnsl  -lpthread -ldl -lcrypt -lm   -lc"
conftest.c: In function 't':
conftest.c:3: warning: implicit declaration of function 'docbCreateFileParserCtxt'
checked program was:
/* begin */
1: /*top*/
2: int main() { return 0; }
3: int t() { docbCreateFileParserCtxt(); return 0; }
/* end */

--------------------

